0 info it worked if it ends with ok
1 verbose cli [ '/Users/macbookpro/.anyenv/envs/ndenv/versions/v0.10.25/bin/node',
1 verbose cli   '/Users/macbookpro/.anyenv/envs/ndenv/versions/v0.10.25/bin/npm',
1 verbose cli   'publish' ]
2 info using npm@1.3.24
3 info using node@v0.10.25
4 verbose publish [ '.' ]
5 verbose cache add [ '.', null ]
6 verbose cache add name=undefined spec="." args=[".",null]
7 verbose parsed url { protocol: null,
7 verbose parsed url   slashes: null,
7 verbose parsed url   auth: null,
7 verbose parsed url   host: null,
7 verbose parsed url   port: null,
7 verbose parsed url   hostname: null,
7 verbose parsed url   hash: null,
7 verbose parsed url   search: null,
7 verbose parsed url   query: null,
7 verbose parsed url   pathname: '.',
7 verbose parsed url   path: '.',
7 verbose parsed url   href: '.' }
8 silly lockFile 3a52ce78- .
9 verbose lock . /Users/macbookpro/.npm/3a52ce78-.lock
10 verbose tar pack [ '/var/folders/7d/nyxzmbkx2734wv3vndqyvkz80000gn/T/npm-13251-T30Z9ntk/1398160283341-0.09782171016559005/tmp.tgz',
10 verbose tar pack   '.' ]
11 verbose tarball /var/folders/7d/nyxzmbkx2734wv3vndqyvkz80000gn/T/npm-13251-T30Z9ntk/1398160283341-0.09782171016559005/tmp.tgz
12 verbose folder .
13 info prepublish generator-katamari-gulp@0.0.0
14 silly lockFile 1f1177db-tar tar://.
15 verbose lock tar://. /Users/macbookpro/.npm/1f1177db-tar.lock
16 silly lockFile f5b102fb-3341-0-09782171016559005-tmp-tgz tar:///var/folders/7d/nyxzmbkx2734wv3vndqyvkz80000gn/T/npm-13251-T30Z9ntk/1398160283341-0.09782171016559005/tmp.tgz
17 verbose lock tar:///var/folders/7d/nyxzmbkx2734wv3vndqyvkz80000gn/T/npm-13251-T30Z9ntk/1398160283341-0.09782171016559005/tmp.tgz /Users/macbookpro/.npm/f5b102fb-3341-0-09782171016559005-tmp-tgz.lock
18 silly lockFile 1f1177db-tar tar://.
19 silly lockFile 1f1177db-tar tar://.
20 silly lockFile f5b102fb-3341-0-09782171016559005-tmp-tgz tar:///var/folders/7d/nyxzmbkx2734wv3vndqyvkz80000gn/T/npm-13251-T30Z9ntk/1398160283341-0.09782171016559005/tmp.tgz
21 silly lockFile f5b102fb-3341-0-09782171016559005-tmp-tgz tar:///var/folders/7d/nyxzmbkx2734wv3vndqyvkz80000gn/T/npm-13251-T30Z9ntk/1398160283341-0.09782171016559005/tmp.tgz
22 verbose tar unpack /var/folders/7d/nyxzmbkx2734wv3vndqyvkz80000gn/T/npm-13251-T30Z9ntk/1398160283341-0.09782171016559005/tmp.tgz
23 silly lockFile a8673e98-3341-0-09782171016559005-package tar:///var/folders/7d/nyxzmbkx2734wv3vndqyvkz80000gn/T/npm-13251-T30Z9ntk/1398160283341-0.09782171016559005/package
24 verbose lock tar:///var/folders/7d/nyxzmbkx2734wv3vndqyvkz80000gn/T/npm-13251-T30Z9ntk/1398160283341-0.09782171016559005/package /Users/macbookpro/.npm/a8673e98-3341-0-09782171016559005-package.lock
25 silly lockFile f5b102fb-3341-0-09782171016559005-tmp-tgz tar:///var/folders/7d/nyxzmbkx2734wv3vndqyvkz80000gn/T/npm-13251-T30Z9ntk/1398160283341-0.09782171016559005/tmp.tgz
26 verbose lock tar:///var/folders/7d/nyxzmbkx2734wv3vndqyvkz80000gn/T/npm-13251-T30Z9ntk/1398160283341-0.09782171016559005/tmp.tgz /Users/macbookpro/.npm/f5b102fb-3341-0-09782171016559005-tmp-tgz.lock
27 silly gunzTarPerm modes [ '755', '644' ]
28 silly gunzTarPerm extractEntry package.json
29 silly gunzTarPerm extractEntry README.md
30 silly gunzTarPerm extractEntry app/index.js
31 silly gunzTarPerm extractEntry app/templates/_gitignore
32 silly gunzTarPerm extractEntry app/templates/_package.json
33 silly gunzTarPerm extractEntry app/templates/editorconfig
34 silly gunzTarPerm extractEntry app/templates/gulpfile.coffee
35 silly gunzTarPerm extractEntry app/templates/htdocs/index.html
36 silly gunzTarPerm extractEntry app/templates/jshintrc
37 silly gunzTarPerm extractEntry app/templates/src/dir/app.coffee
38 silly gunzTarPerm extractEntry app/templates/src/dir/b.coffee
39 silly gunzTarPerm extractEntry app/templates/src/dir/index.jade
40 silly gunzTarPerm extractEntry app/templates/src/dir/index.styl
41 silly gunzTarPerm extractEntry app/templates/src/index.jade
42 silly lockFile a8673e98-3341-0-09782171016559005-package tar:///var/folders/7d/nyxzmbkx2734wv3vndqyvkz80000gn/T/npm-13251-T30Z9ntk/1398160283341-0.09782171016559005/package
43 silly lockFile a8673e98-3341-0-09782171016559005-package tar:///var/folders/7d/nyxzmbkx2734wv3vndqyvkz80000gn/T/npm-13251-T30Z9ntk/1398160283341-0.09782171016559005/package
44 silly lockFile f5b102fb-3341-0-09782171016559005-tmp-tgz tar:///var/folders/7d/nyxzmbkx2734wv3vndqyvkz80000gn/T/npm-13251-T30Z9ntk/1398160283341-0.09782171016559005/tmp.tgz
45 silly lockFile f5b102fb-3341-0-09782171016559005-tmp-tgz tar:///var/folders/7d/nyxzmbkx2734wv3vndqyvkz80000gn/T/npm-13251-T30Z9ntk/1398160283341-0.09782171016559005/tmp.tgz
46 verbose tar pack [ '/Users/macbookpro/.npm/generator-katamari-gulp/0.0.0/package.tgz',
46 verbose tar pack   '/var/folders/7d/nyxzmbkx2734wv3vndqyvkz80000gn/T/npm-13251-T30Z9ntk/1398160283341-0.09782171016559005/package' ]
47 verbose tarball /Users/macbookpro/.npm/generator-katamari-gulp/0.0.0/package.tgz
48 verbose folder /var/folders/7d/nyxzmbkx2734wv3vndqyvkz80000gn/T/npm-13251-T30Z9ntk/1398160283341-0.09782171016559005/package
49 silly lockFile a8673e98-3341-0-09782171016559005-package tar:///var/folders/7d/nyxzmbkx2734wv3vndqyvkz80000gn/T/npm-13251-T30Z9ntk/1398160283341-0.09782171016559005/package
50 verbose lock tar:///var/folders/7d/nyxzmbkx2734wv3vndqyvkz80000gn/T/npm-13251-T30Z9ntk/1398160283341-0.09782171016559005/package /Users/macbookpro/.npm/a8673e98-3341-0-09782171016559005-package.lock
51 silly lockFile bca8c5d7--katamari-gulp-0-0-0-package-tgz tar:///Users/macbookpro/.npm/generator-katamari-gulp/0.0.0/package.tgz
52 verbose lock tar:///Users/macbookpro/.npm/generator-katamari-gulp/0.0.0/package.tgz /Users/macbookpro/.npm/bca8c5d7--katamari-gulp-0-0-0-package-tgz.lock
53 silly lockFile a8673e98-3341-0-09782171016559005-package tar:///var/folders/7d/nyxzmbkx2734wv3vndqyvkz80000gn/T/npm-13251-T30Z9ntk/1398160283341-0.09782171016559005/package
54 silly lockFile a8673e98-3341-0-09782171016559005-package tar:///var/folders/7d/nyxzmbkx2734wv3vndqyvkz80000gn/T/npm-13251-T30Z9ntk/1398160283341-0.09782171016559005/package
55 silly lockFile bca8c5d7--katamari-gulp-0-0-0-package-tgz tar:///Users/macbookpro/.npm/generator-katamari-gulp/0.0.0/package.tgz
56 silly lockFile bca8c5d7--katamari-gulp-0-0-0-package-tgz tar:///Users/macbookpro/.npm/generator-katamari-gulp/0.0.0/package.tgz
57 silly lockFile f4c7e1a8-ator-katamari-gulp-0-0-0-package /Users/macbookpro/.npm/generator-katamari-gulp/0.0.0/package
58 verbose lock /Users/macbookpro/.npm/generator-katamari-gulp/0.0.0/package /Users/macbookpro/.npm/f4c7e1a8-ator-katamari-gulp-0-0-0-package.lock
59 silly lockFile f4c7e1a8-ator-katamari-gulp-0-0-0-package /Users/macbookpro/.npm/generator-katamari-gulp/0.0.0/package
60 silly lockFile f4c7e1a8-ator-katamari-gulp-0-0-0-package /Users/macbookpro/.npm/generator-katamari-gulp/0.0.0/package
61 verbose tar unpack /Users/macbookpro/.npm/generator-katamari-gulp/0.0.0/package.tgz
62 silly lockFile 5c27b17a-ator-katamari-gulp-0-0-0-package tar:///Users/macbookpro/.npm/generator-katamari-gulp/0.0.0/package
63 verbose lock tar:///Users/macbookpro/.npm/generator-katamari-gulp/0.0.0/package /Users/macbookpro/.npm/5c27b17a-ator-katamari-gulp-0-0-0-package.lock
64 silly lockFile bca8c5d7--katamari-gulp-0-0-0-package-tgz tar:///Users/macbookpro/.npm/generator-katamari-gulp/0.0.0/package.tgz
65 verbose lock tar:///Users/macbookpro/.npm/generator-katamari-gulp/0.0.0/package.tgz /Users/macbookpro/.npm/bca8c5d7--katamari-gulp-0-0-0-package-tgz.lock
66 silly gunzTarPerm modes [ '755', '644' ]
67 silly gunzTarPerm extractEntry package.json
68 silly gunzTarPerm extractEntry README.md
69 silly gunzTarPerm extractEntry app/index.js
70 silly gunzTarPerm extractEntry app/templates/_gitignore
71 silly gunzTarPerm extractEntry app/templates/_package.json
72 silly gunzTarPerm extractEntry app/templates/editorconfig
73 silly gunzTarPerm extractEntry app/templates/gulpfile.coffee
74 silly gunzTarPerm extractEntry app/templates/htdocs/index.html
75 silly gunzTarPerm extractEntry app/templates/jshintrc
76 silly gunzTarPerm extractEntry app/templates/src/dir/app.coffee
77 silly gunzTarPerm extractEntry app/templates/src/dir/b.coffee
78 silly gunzTarPerm extractEntry app/templates/src/dir/index.jade
79 silly gunzTarPerm extractEntry app/templates/src/dir/index.styl
80 silly gunzTarPerm extractEntry app/templates/src/index.jade
81 silly lockFile 5c27b17a-ator-katamari-gulp-0-0-0-package tar:///Users/macbookpro/.npm/generator-katamari-gulp/0.0.0/package
82 silly lockFile 5c27b17a-ator-katamari-gulp-0-0-0-package tar:///Users/macbookpro/.npm/generator-katamari-gulp/0.0.0/package
83 silly lockFile bca8c5d7--katamari-gulp-0-0-0-package-tgz tar:///Users/macbookpro/.npm/generator-katamari-gulp/0.0.0/package.tgz
84 silly lockFile bca8c5d7--katamari-gulp-0-0-0-package-tgz tar:///Users/macbookpro/.npm/generator-katamari-gulp/0.0.0/package.tgz
85 verbose chmod /Users/macbookpro/.npm/generator-katamari-gulp/0.0.0/package.tgz 644
86 verbose chown /Users/macbookpro/.npm/generator-katamari-gulp/0.0.0/package.tgz [ 501, 20 ]
87 silly lockFile 3a52ce78- .
88 silly lockFile 3a52ce78- .
89 silly publish { name: 'generator-katamari-gulp',
89 silly publish   version: '0.0.0',
89 silly publish   description: 'Yeoman generator',
89 silly publish   license: 'MIT',
89 silly publish   main: 'app/index.js',
89 silly publish   repository:
89 silly publish    { type: 'git',
89 silly publish      url: 'git://github.com/qsat/generator-katamari-gulp' },
89 silly publish   author: { url: 'https://github.com/qsat' },
89 silly publish   engines: { node: '>=0.10.0' },
89 silly publish   scripts: { test: 'mocha' },
89 silly publish   files: [ 'app' ],
89 silly publish   keywords: [ 'yeoman-generator' ],
89 silly publish   dependencies: { 'yeoman-generator': '~0.16.0', chalk: '~0.4.0' },
89 silly publish   devDependencies: { mocha: '*' },
89 silly publish   peerDependencies: { yo: '>=1.0.0' },
89 silly publish   bugs: { url: 'https://github.com/qsat/generator-katamari-gulp/issues' },
89 silly publish   homepage: 'https://github.com/qsat/generator-katamari-gulp',
89 silly publish   directories: { test: 'test' },
89 silly publish   readme: '# generator-katamari-gulp [![Build Status](https://secure.travis-ci.org/qsat/generator-katamari-gulp.png?branch=master)](https://travis-ci.org/qsat/generator-katamari-gulp)\n\n> [Yeoman](http://yeoman.io) generator\n\n\n## Getting Started\n\n### What is Yeoman?\n\nTrick question. It\'s not a thing. It\'s this guy:\n\n![](http://i.imgur.com/JHaAlBJ.png)\n\nBasically, he wears a top hat, lives in your computer, and waits for you to tell him what kind of application you wish to create.\n\nNot every new computer comes with a Yeoman pre-installed. He lives in the [npm](https://npmjs.org) package repository. You only have to ask for him once, then he packs up and moves into your hard drive. *Make sure you clean up, he likes new and shiny things.*\n\n```\n$ npm install -g yo\n```\n\n### Yeoman Generators\n\nYeoman travels light. He didn\'t pack any generators when he moved in. You can think of a generator like a plug-in. You get to choose what type of application you wish to create, such as a Backbone application or even a Chrome extension.\n\nTo install generator-katamari-gulp from npm, run:\n\n```\n$ npm install -g generator-katamari-gulp\n```\n\nFinally, initiate the generator:\n\n```\n$ yo katamari-gulp\n```\n\n### Getting To Know Yeoman\n\nYeoman has a heart of gold. He\'s a person with feelings and opinions, but he\'s very easy to work with. If you think he\'s too opinionated, he can be easily convinced.\n\nIf you\'d like to get to know Yeoman better and meet some of his friends, [Grunt](http://gruntjs.com) and [Bower](http://bower.io), check out the complete [Getting Started Guide](https://github.com/yeoman/yeoman/wiki/Getting-Started).\n\n\n## License\n\nMIT\n',
89 silly publish   readmeFilename: 'README.md',
89 silly publish   _id: 'generator-katamari-gulp@0.0.0',
89 silly publish   dist: { shasum: '534d976177de10ee3358d8991506e191d49a9a20' },
89 silly publish   _from: '.' }
90 verbose url raw generator-katamari-gulp
91 verbose url resolving [ 'https://registry.npmjs.org/', './generator-katamari-gulp' ]
92 verbose url resolved https://registry.npmjs.org/generator-katamari-gulp
93 info trying registry request attempt 1 at 18:51:23
94 http PUT https://registry.npmjs.org/generator-katamari-gulp
95 http 403 https://registry.npmjs.org/generator-katamari-gulp
96 info trying registry request attempt 1 at 18:51:24
97 http PUT https://registry.npmjs.org/generator-katamari-gulp
98 http 403 https://registry.npmjs.org/generator-katamari-gulp
99 error publish Failed PUT 403
100 error Error: forbidden cannot modify pre-existing version: 0.0.0
100 error old={"name":"generator-katamari-gulp","version":"0.0.0","description":"Yeoman generator","license":"MIT","main":"app/index.js","repository":{"type":"git","url":"git://github.com/qsat/generator-katamari-gulp"},"author":{"url":"https://github.com/qsat"},"engines":{"node":">=0.10.0"},"scripts":{"test":"mocha"},"files":["app"],"keywords":["yeoman-generator"],"dependencies":{"yeoman-generator":"~0.16.0","chalk":"~0.4.0"},"devDependencies":{"mocha":"*"},"peerDependencies":{"yo":">=1.0.0"},"bugs":{"url":"https://github.com/qsat/generator-katamari-gulp/issues"},"homepage":"https://github.com/qsat/generator-katamari-gulp","_id":"generator-katamari-gulp@0.0.0","dist":{"shasum":"e4c1d2e668e11f884f214b0c7a2da7082f5ecfce","tarball":"http://registry.npmjs.org/generator-katamari-gulp/-/generator-katamari-gulp-0.0.0.tgz"},"_from":".","_npmVersion":"1.3.24","_npmUser":{"name":"qsat","email":"araisat@gmail.com"},"maintainers":[{"name":"qsat","email":"araisat@gmail.com"}]}
100 error new={"name":"generator-katamari-gulp","version":"0.0.0","description":"Yeoman generator","license":"MIT","main":"app/index.js","repository":{"type":"git","url":"git://github.com/qsat/generator-katamari-gulp"},"author":{"url":"https://github.com/qsat"},"engines":{"node":">=0.10.0"},"scripts":{"test":"mocha"},"files":["app"],"keywords":["yeoman-generator"],"dependencies":{"yeoman-generator":"~0.16.0","chalk":"~0.4.0"},"devDependencies":{"mocha":"*"},"peerDependencies":{"yo":">=1.0.0"},"bugs":{"url":"https://github.com/qsat/generator-katamari-gulp/issues"},"homepage":"https://github.com/qsat/generator-katamari-gulp","directories":{"test":"test"},"readme":"# generator-katamari-gulp [![Build Status](https://secure.travis-ci.org/qsat/generator-katamari-gulp.png?branch=master)](https://travis-ci.org/qsat/generator-katamari-gulp)\u000a\u000a> [Yeoman](http://yeoman.io) generator\u000a\u000a\u000a## Getting Started\u000a\u000a### What is Yeoman?\u000a\u000aTrick question. It's not a thing. It's this guy:\u000a\u000a![](http://i.imgur.com/JHaAlBJ.png)\u000a\u000aBasically, he wears a top hat, lives in your computer, and waits for you to tell him what kind of application you wish to create.\u000a\u000aNot every new computer comes with a Yeoman pre-installed. He lives in the [npm](https://npmjs.org) package repository. You only have to ask for him once, then he packs up and moves into your hard drive. *Make sure you clean up, he likes new and shiny things.*\u000a\u000a```\u000a$ npm install -g yo\u000a```\u000a\u000a### Yeoman Generators\u000a\u000aYeoman travels light. He didn't pack any generators when he moved in. You can think of a generator like a plug-in. You get to choose what type of application you wish to create, such as a Backbone application or even a Chrome extension.\u000a\u000aTo install generator-katamari-gulp from npm, run:\u000a\u000a```\u000a$ npm install -g generator-katamari-gulp\u000a```\u000a\u000aFinally, initiate the generator:\u000a\u000a```\u000a$ yo katamari-gulp\u000a```\u000a\u000a### Getting To Know Yeoman\u000a\u000aYeoman has a heart of gold. He's a person with feelings and opinions, but he's very easy to work with. If you think he's too opinionated, he can be easily convinced.\u000a\u000aIf you'd like to get to know Yeoman better and meet some of his friends, [Grunt](http://gruntjs.com) and [Bower](http://bower.io), check out the complete [Getting Started Guide](https://github.com/yeoman/yeoman/wiki/Getting-Started).\u000a\u000a\u000a## License\u000a\u000aMIT\u000a","readmeFilename":"README.md","_id":"generator-katamari-gulp@0.0.0","dist":{"shasum":"534d976177de10ee3358d8991506e191d49a9a20","tarball":"http://registry.npmjs.org/generator-katamari-gulp/-/generator-katamari-gulp-0.0.0.tgz"},"_from":".","_npmVersion":"1.3.24","_npmUser":{"name":"qsat","email":"araisat@gmail.com"},"maintainers":[{"name":"qsat","email":"araisat@gmail.com"}]}: generator-katamari-gulp
100 error     at RegClient.<anonymous> (/Users/macbookpro/.anyenv/envs/ndenv/versions/v0.10.25/lib/node_modules/npm/node_modules/npm-registry-client/lib/request.js:275:14)
100 error     at Request.self.callback (/Users/macbookpro/.anyenv/envs/ndenv/versions/v0.10.25/lib/node_modules/npm/node_modules/request/request.js:123:22)
100 error     at Request.EventEmitter.emit (events.js:98:17)
100 error     at Request.<anonymous> (/Users/macbookpro/.anyenv/envs/ndenv/versions/v0.10.25/lib/node_modules/npm/node_modules/request/request.js:893:14)
100 error     at Request.EventEmitter.emit (events.js:117:20)
100 error     at IncomingMessage.<anonymous> (/Users/macbookpro/.anyenv/envs/ndenv/versions/v0.10.25/lib/node_modules/npm/node_modules/request/request.js:844:12)
100 error     at IncomingMessage.EventEmitter.emit (events.js:117:20)
100 error     at _stream_readable.js:920:16
100 error     at process._tickCallback (node.js:415:13)
101 error If you need help, you may report this *entire* log,
101 error including the npm and node versions, at:
101 error     <http://github.com/isaacs/npm/issues>
102 error System Darwin 13.1.0
103 error command "/Users/macbookpro/.anyenv/envs/ndenv/versions/v0.10.25/bin/node" "/Users/macbookpro/.anyenv/envs/ndenv/versions/v0.10.25/bin/npm" "publish"
104 error cwd /Users/macbookpro/Dropbox/proj/TryYeoman/generator-katamari-gulp
105 error node -v v0.10.25
106 error npm -v 1.3.24
107 verbose exit [ 1, true ]
